08-May-2024 18:01:04.600 정보 [main] org.apache.catalina.core.StandardServer.await 셧다운 포트를 통해 유효한 셧다운 명령을 받았습니다. 서버 인스턴스를 중지시킵니다.
08-May-2024 18:01:04.600 정보 [main] org.apache.coyote.AbstractProtocol.pause 프로토콜 핸들러 ["http-nio-8080"]을(를) 일시 정지 중
08-May-2024 18:01:04.602 정보 [main] org.apache.coyote.AbstractProtocol.pause 프로토콜 핸들러 ["ajp-nio-0.0.0.0-8009"]을(를) 일시 정지 중
08-May-2024 18:01:04.603 정보 [main] org.apache.catalina.core.StandardService.stopInternal 서비스 [Catalina]을(를) 중지시킵니다.
08-May-2024 18:01:04.633 정보 [main] org.apache.coyote.AbstractProtocol.stop 프로토콜 핸들러 ["http-nio-8080"]을(를) 중지시킵니다.
08-May-2024 18:01:04.646 정보 [main] org.apache.coyote.AbstractProtocol.stop 프로토콜 핸들러 ["ajp-nio-0.0.0.0-8009"]을(를) 중지시킵니다.
08-May-2024 18:01:04.660 정보 [main] org.apache.coyote.AbstractProtocol.destroy 프로토콜 핸들러 ["http-nio-8080"]을(를) 소멸시킵니다.
08-May-2024 18:01:04.661 정보 [main] org.apache.coyote.AbstractProtocol.destroy 프로토콜 핸들러 ["ajp-nio-0.0.0.0-8009"]을(를) 소멸시킵니다.
08-May-2024 18:01:10.365 정보 [main] org.apache.catalina.startup.VersionLoggerListener.log 서버 버전 이름:    Apache Tomcat/9.0.87
08-May-2024 18:01:10.370 정보 [main] org.apache.catalina.startup.VersionLoggerListener.log Server 빌드 시각:  Mar 11 2024 10:12:34 UTC
08-May-2024 18:01:10.370 정보 [main] org.apache.catalina.startup.VersionLoggerListener.log Server 버전 번호:  9.0.87.0
08-May-2024 18:01:10.370 정보 [main] org.apache.catalina.startup.VersionLoggerListener.log 운영체제 이름:     Linux
08-May-2024 18:01:10.370 정보 [main] org.apache.catalina.startup.VersionLoggerListener.log 운영체제 버전:     3.10.0-1160.114.2.el7.x86_64
08-May-2024 18:01:10.371 정보 [main] org.apache.catalina.startup.VersionLoggerListener.log 아키텍처:          amd64
08-May-2024 18:01:10.371 정보 [main] org.apache.catalina.startup.VersionLoggerListener.log 자바 홈:           /usr/lib/jvm/java-11-openjdk-11.0.22.0.7-1.el7_9.x86_64
08-May-2024 18:01:10.371 정보 [main] org.apache.catalina.startup.VersionLoggerListener.log JVM 버전:          11.0.22+7-LTS
08-May-2024 18:01:10.371 정보 [main] org.apache.catalina.startup.VersionLoggerListener.log JVM 벤더:          Red Hat, Inc.
08-May-2024 18:01:10.371 정보 [main] org.apache.catalina.startup.VersionLoggerListener.log CATALINA_BASE:     /home/tomcat9
08-May-2024 18:01:10.372 정보 [main] org.apache.catalina.startup.VersionLoggerListener.log CATALINA_HOME:     /home/tomcat9
08-May-2024 18:01:10.383 정보 [main] org.apache.catalina.startup.VersionLoggerListener.log 명령 행 아규먼트:  --add-opens=java.base/java.lang=ALL-UNNAMED
08-May-2024 18:01:10.383 정보 [main] org.apache.catalina.startup.VersionLoggerListener.log 명령 행 아규먼트:  --add-opens=java.base/java.io=ALL-UNNAMED
08-May-2024 18:01:10.383 정보 [main] org.apache.catalina.startup.VersionLoggerListener.log 명령 행 아규먼트:  --add-opens=java.base/java.util=ALL-UNNAMED
08-May-2024 18:01:10.384 정보 [main] org.apache.catalina.startup.VersionLoggerListener.log 명령 행 아규먼트:  --add-opens=java.base/java.util.concurrent=ALL-UNNAMED
08-May-2024 18:01:10.384 정보 [main] org.apache.catalina.startup.VersionLoggerListener.log 명령 행 아규먼트:  --add-opens=java.rmi/sun.rmi.transport=ALL-UNNAMED
08-May-2024 18:01:10.384 정보 [main] org.apache.catalina.startup.VersionLoggerListener.log 명령 행 아규먼트:  -Djava.util.logging.config.file=/home/tomcat9/conf/logging.properties
08-May-2024 18:01:10.384 정보 [main] org.apache.catalina.startup.VersionLoggerListener.log 명령 행 아규먼트:  -Djava.util.logging.manager=org.apache.juli.ClassLoaderLogManager
08-May-2024 18:01:10.384 정보 [main] org.apache.catalina.startup.VersionLoggerListener.log 명령 행 아규먼트:  -Djdk.tls.ephemeralDHKeySize=2048
08-May-2024 18:01:10.385 정보 [main] org.apache.catalina.startup.VersionLoggerListener.log 명령 행 아규먼트:  -Djava.protocol.handler.pkgs=org.apache.catalina.webresources
08-May-2024 18:01:10.385 정보 [main] org.apache.catalina.startup.VersionLoggerListener.log 명령 행 아규먼트:  -Dorg.apache.catalina.security.SecurityListener.UMASK=0027
08-May-2024 18:01:10.385 정보 [main] org.apache.catalina.startup.VersionLoggerListener.log 명령 행 아규먼트:  -Dignore.endorsed.dirs=
08-May-2024 18:01:10.385 정보 [main] org.apache.catalina.startup.VersionLoggerListener.log 명령 행 아규먼트:  -Dcatalina.base=/home/tomcat9
08-May-2024 18:01:10.385 정보 [main] org.apache.catalina.startup.VersionLoggerListener.log 명령 행 아규먼트:  -Dcatalina.home=/home/tomcat9
08-May-2024 18:01:10.385 정보 [main] org.apache.catalina.startup.VersionLoggerListener.log 명령 행 아규먼트:  -Djava.io.tmpdir=/home/tomcat9/temp
08-May-2024 18:01:10.387 정보 [main] org.apache.catalina.core.AprLifecycleListener.lifecycleEvent 프로덕션 환경들에서 최적의 성능을 제공하는, APR 기반 Apache Tomcat Native 라이브러리가, 다음 java.library.path에서 발견되지 않습니다: [/usr/java/packages/lib:/usr/lib64:/lib64:/lib:/usr/lib]
08-May-2024 18:01:10.727 정보 [main] org.apache.coyote.AbstractProtocol.init 프로토콜 핸들러 ["http-nio-8080"]을(를) 초기화합니다.
08-May-2024 18:01:10.756 정보 [main] org.apache.coyote.AbstractProtocol.init 프로토콜 핸들러 ["ajp-nio-0.0.0.0-8009"]을(를) 초기화합니다.
08-May-2024 18:01:10.758 정보 [main] org.apache.catalina.startup.Catalina.load [592] 밀리초 내에 서버가 초기화되었습니다.
08-May-2024 18:01:10.829 정보 [main] org.apache.catalina.core.StandardService.startInternal 서비스 [Catalina]을(를) 시작합니다.
08-May-2024 18:01:10.829 정보 [main] org.apache.catalina.core.StandardEngine.startInternal 서버 엔진을 시작합니다: [Apache Tomcat/9.0.87]
08-May-2024 18:01:10.838 정보 [main] org.apache.catalina.startup.HostConfig.deployDirectory 웹 애플리케이션 디렉토리 [/home/tomcat9/webapps/ROOT]을(를) 배치합니다.
08-May-2024 18:01:11.244 정보 [main] org.apache.jasper.servlet.TldScanner.scanJars 적어도 하나의 JAR가 TLD들을 찾기 위해 스캔되었으나 아무 것도 찾지 못했습니다. 스캔했으나 TLD가 없는 JAR들의 전체 목록을 보시려면, 로그 레벨을 디버그 레벨로 설정하십시오. 스캔 과정에서 불필요한 JAR들을 건너뛰면, 시스템 시작 시간과 JSP 컴파일 시간을 단축시킬 수 있습니다.
08-May-2024 18:01:11.320 정보 [main] org.apache.catalina.startup.HostConfig.deployDirectory 웹 애플리케이션 디렉토리 [/home/tomcat9/webapps/ROOT]에 대한 배치가 [480] 밀리초에 완료되었습니다.
08-May-2024 18:01:11.320 정보 [main] org.apache.catalina.startup.HostConfig.deployDirectory 웹 애플리케이션 디렉토리 [/home/tomcat9/webapps/docs]을(를) 배치합니다.
08-May-2024 18:01:11.416 정보 [main] org.apache.jasper.servlet.TldScanner.scanJars 적어도 하나의 JAR가 TLD들을 찾기 위해 스캔되었으나 아무 것도 찾지 못했습니다. 스캔했으나 TLD가 없는 JAR들의 전체 목록을 보시려면, 로그 레벨을 디버그 레벨로 설정하십시오. 스캔 과정에서 불필요한 JAR들을 건너뛰면, 시스템 시작 시간과 JSP 컴파일 시간을 단축시킬 수 있습니다.
08-May-2024 18:01:11.419 정보 [main] org.apache.catalina.startup.HostConfig.deployDirectory 웹 애플리케이션 디렉토리 [/home/tomcat9/webapps/docs]에 대한 배치가 [98] 밀리초에 완료되었습니다.
08-May-2024 18:01:11.419 정보 [main] org.apache.catalina.startup.HostConfig.deployDirectory 웹 애플리케이션 디렉토리 [/home/tomcat9/webapps/examples]을(를) 배치합니다.
08-May-2024 18:01:11.619 정보 [main] org.apache.jasper.servlet.TldScanner.scanJars 적어도 하나의 JAR가 TLD들을 찾기 위해 스캔되었으나 아무 것도 찾지 못했습니다. 스캔했으나 TLD가 없는 JAR들의 전체 목록을 보시려면, 로그 레벨을 디버그 레벨로 설정하십시오. 스캔 과정에서 불필요한 JAR들을 건너뛰면, 시스템 시작 시간과 JSP 컴파일 시간을 단축시킬 수 있습니다.
08-May-2024 18:01:11.667 정보 [main] org.apache.catalina.startup.HostConfig.deployDirectory 웹 애플리케이션 디렉토리 [/home/tomcat9/webapps/examples]에 대한 배치가 [247] 밀리초에 완료되었습니다.
08-May-2024 18:01:11.667 정보 [main] org.apache.catalina.startup.HostConfig.deployDirectory 웹 애플리케이션 디렉토리 [/home/tomcat9/webapps/host-manager]을(를) 배치합니다.
08-May-2024 18:01:11.727 정보 [main] org.apache.jasper.servlet.TldScanner.scanJars 적어도 하나의 JAR가 TLD들을 찾기 위해 스캔되었으나 아무 것도 찾지 못했습니다. 스캔했으나 TLD가 없는 JAR들의 전체 목록을 보시려면, 로그 레벨을 디버그 레벨로 설정하십시오. 스캔 과정에서 불필요한 JAR들을 건너뛰면, 시스템 시작 시간과 JSP 컴파일 시간을 단축시킬 수 있습니다.
08-May-2024 18:01:11.730 정보 [main] org.apache.catalina.startup.HostConfig.deployDirectory 웹 애플리케이션 디렉토리 [/home/tomcat9/webapps/host-manager]에 대한 배치가 [63] 밀리초에 완료되었습니다.
08-May-2024 18:01:11.731 정보 [main] org.apache.catalina.startup.HostConfig.deployDirectory 웹 애플리케이션 디렉토리 [/home/tomcat9/webapps/manager]을(를) 배치합니다.
08-May-2024 18:01:11.787 정보 [main] org.apache.jasper.servlet.TldScanner.scanJars 적어도 하나의 JAR가 TLD들을 찾기 위해 스캔되었으나 아무 것도 찾지 못했습니다. 스캔했으나 TLD가 없는 JAR들의 전체 목록을 보시려면, 로그 레벨을 디버그 레벨로 설정하십시오. 스캔 과정에서 불필요한 JAR들을 건너뛰면, 시스템 시작 시간과 JSP 컴파일 시간을 단축시킬 수 있습니다.
08-May-2024 18:01:11.789 정보 [main] org.apache.catalina.startup.HostConfig.deployDirectory 웹 애플리케이션 디렉토리 [/home/tomcat9/webapps/manager]에 대한 배치가 [58] 밀리초에 완료되었습니다.
08-May-2024 18:01:11.795 정보 [main] org.apache.coyote.AbstractProtocol.start 프로토콜 핸들러 ["http-nio-8080"]을(를) 시작합니다.
08-May-2024 18:01:11.805 정보 [main] org.apache.coyote.AbstractProtocol.start 프로토콜 핸들러 ["ajp-nio-0.0.0.0-8009"]을(를) 시작합니다.
08-May-2024 18:01:11.807 정보 [main] org.apache.catalina.startup.Catalina.start 서버가 [1049] 밀리초 내에 시작되었습니다.
08-May-2024 21:04:21.694 정보 [main] org.apache.catalina.core.StandardServer.await 셧다운 포트를 통해 유효한 셧다운 명령을 받았습니다. 서버 인스턴스를 중지시킵니다.
08-May-2024 21:04:21.694 정보 [main] org.apache.coyote.AbstractProtocol.pause 프로토콜 핸들러 ["http-nio-8080"]을(를) 일시 정지 중
08-May-2024 21:04:21.695 정보 [main] org.apache.coyote.AbstractProtocol.pause 프로토콜 핸들러 ["ajp-nio-0.0.0.0-8009"]을(를) 일시 정지 중
08-May-2024 21:04:21.696 정보 [main] org.apache.catalina.core.StandardService.stopInternal 서비스 [Catalina]을(를) 중지시킵니다.
08-May-2024 21:04:21.728 정보 [main] org.apache.coyote.AbstractProtocol.stop 프로토콜 핸들러 ["http-nio-8080"]을(를) 중지시킵니다.
08-May-2024 21:04:21.739 정보 [main] org.apache.coyote.AbstractProtocol.stop 프로토콜 핸들러 ["ajp-nio-0.0.0.0-8009"]을(를) 중지시킵니다.
08-May-2024 21:04:21.751 정보 [main] org.apache.coyote.AbstractProtocol.destroy 프로토콜 핸들러 ["http-nio-8080"]을(를) 소멸시킵니다.
08-May-2024 21:04:21.752 정보 [main] org.apache.coyote.AbstractProtocol.destroy 프로토콜 핸들러 ["ajp-nio-0.0.0.0-8009"]을(를) 소멸시킵니다.
08-May-2024 21:04:28.438 정보 [main] org.apache.catalina.startup.VersionLoggerListener.log 서버 버전 이름:    Apache Tomcat/9.0.87
08-May-2024 21:04:28.442 정보 [main] org.apache.catalina.startup.VersionLoggerListener.log Server 빌드 시각:  Mar 11 2024 10:12:34 UTC
08-May-2024 21:04:28.442 정보 [main] org.apache.catalina.startup.VersionLoggerListener.log Server 버전 번호:  9.0.87.0
08-May-2024 21:04:28.442 정보 [main] org.apache.catalina.startup.VersionLoggerListener.log 운영체제 이름:     Linux
08-May-2024 21:04:28.443 정보 [main] org.apache.catalina.startup.VersionLoggerListener.log 운영체제 버전:     3.10.0-1160.114.2.el7.x86_64
08-May-2024 21:04:28.443 정보 [main] org.apache.catalina.startup.VersionLoggerListener.log 아키텍처:          amd64
08-May-2024 21:04:28.443 정보 [main] org.apache.catalina.startup.VersionLoggerListener.log 자바 홈:           /usr/lib/jvm/java-11-openjdk-11.0.22.0.7-1.el7_9.x86_64
08-May-2024 21:04:28.443 정보 [main] org.apache.catalina.startup.VersionLoggerListener.log JVM 버전:          11.0.22+7-LTS
08-May-2024 21:04:28.443 정보 [main] org.apache.catalina.startup.VersionLoggerListener.log JVM 벤더:          Red Hat, Inc.
08-May-2024 21:04:28.443 정보 [main] org.apache.catalina.startup.VersionLoggerListener.log CATALINA_BASE:     /home/tomcat9
08-May-2024 21:04:28.443 정보 [main] org.apache.catalina.startup.VersionLoggerListener.log CATALINA_HOME:     /home/tomcat9
08-May-2024 21:04:28.456 정보 [main] org.apache.catalina.startup.VersionLoggerListener.log 명령 행 아규먼트:  --add-opens=java.base/java.lang=ALL-UNNAMED
08-May-2024 21:04:28.456 정보 [main] org.apache.catalina.startup.VersionLoggerListener.log 명령 행 아규먼트:  --add-opens=java.base/java.io=ALL-UNNAMED
08-May-2024 21:04:28.457 정보 [main] org.apache.catalina.startup.VersionLoggerListener.log 명령 행 아규먼트:  --add-opens=java.base/java.util=ALL-UNNAMED
08-May-2024 21:04:28.457 정보 [main] org.apache.catalina.startup.VersionLoggerListener.log 명령 행 아규먼트:  --add-opens=java.base/java.util.concurrent=ALL-UNNAMED
08-May-2024 21:04:28.457 정보 [main] org.apache.catalina.startup.VersionLoggerListener.log 명령 행 아규먼트:  --add-opens=java.rmi/sun.rmi.transport=ALL-UNNAMED
08-May-2024 21:04:28.457 정보 [main] org.apache.catalina.startup.VersionLoggerListener.log 명령 행 아규먼트:  -Djava.util.logging.config.file=/home/tomcat9/conf/logging.properties
08-May-2024 21:04:28.457 정보 [main] org.apache.catalina.startup.VersionLoggerListener.log 명령 행 아규먼트:  -Djava.util.logging.manager=org.apache.juli.ClassLoaderLogManager
08-May-2024 21:04:28.458 정보 [main] org.apache.catalina.startup.VersionLoggerListener.log 명령 행 아규먼트:  -Djdk.tls.ephemeralDHKeySize=2048
08-May-2024 21:04:28.458 정보 [main] org.apache.catalina.startup.VersionLoggerListener.log 명령 행 아규먼트:  -Djava.protocol.handler.pkgs=org.apache.catalina.webresources
08-May-2024 21:04:28.458 정보 [main] org.apache.catalina.startup.VersionLoggerListener.log 명령 행 아규먼트:  -Dorg.apache.catalina.security.SecurityListener.UMASK=0027
08-May-2024 21:04:28.458 정보 [main] org.apache.catalina.startup.VersionLoggerListener.log 명령 행 아규먼트:  -Dignore.endorsed.dirs=
08-May-2024 21:04:28.458 정보 [main] org.apache.catalina.startup.VersionLoggerListener.log 명령 행 아규먼트:  -Dcatalina.base=/home/tomcat9
08-May-2024 21:04:28.458 정보 [main] org.apache.catalina.startup.VersionLoggerListener.log 명령 행 아규먼트:  -Dcatalina.home=/home/tomcat9
08-May-2024 21:04:28.458 정보 [main] org.apache.catalina.startup.VersionLoggerListener.log 명령 행 아규먼트:  -Djava.io.tmpdir=/home/tomcat9/temp
08-May-2024 21:04:28.460 정보 [main] org.apache.catalina.core.AprLifecycleListener.lifecycleEvent 프로덕션 환경들에서 최적의 성능을 제공하는, APR 기반 Apache Tomcat Native 라이브러리가, 다음 java.library.path에서 발견되지 않습니다: [/usr/java/packages/lib:/usr/lib64:/lib64:/lib:/usr/lib]
08-May-2024 21:04:28.830 정보 [main] org.apache.coyote.AbstractProtocol.init 프로토콜 핸들러 ["http-nio-8080"]을(를) 초기화합니다.
08-May-2024 21:04:28.858 정보 [main] org.apache.coyote.AbstractProtocol.init 프로토콜 핸들러 ["ajp-nio-0.0.0.0-8009"]을(를) 초기화합니다.
08-May-2024 21:04:28.860 정보 [main] org.apache.catalina.startup.Catalina.load [623] 밀리초 내에 서버가 초기화되었습니다.
08-May-2024 21:04:28.916 정보 [main] org.apache.catalina.core.StandardService.startInternal 서비스 [Catalina]을(를) 시작합니다.
08-May-2024 21:04:28.917 정보 [main] org.apache.catalina.core.StandardEngine.startInternal 서버 엔진을 시작합니다: [Apache Tomcat/9.0.87]
08-May-2024 21:04:28.924 정보 [main] org.apache.catalina.startup.HostConfig.deployDirectory 웹 애플리케이션 디렉토리 [/home/tomcat9/webapps/ROOT]을(를) 배치합니다.
08-May-2024 21:04:29.242 정보 [main] org.apache.jasper.servlet.TldScanner.scanJars 적어도 하나의 JAR가 TLD들을 찾기 위해 스캔되었으나 아무 것도 찾지 못했습니다. 스캔했으나 TLD가 없는 JAR들의 전체 목록을 보시려면, 로그 레벨을 디버그 레벨로 설정하십시오. 스캔 과정에서 불필요한 JAR들을 건너뛰면, 시스템 시작 시간과 JSP 컴파일 시간을 단축시킬 수 있습니다.
08-May-2024 21:04:29.301 정보 [main] org.apache.catalina.startup.HostConfig.deployDirectory 웹 애플리케이션 디렉토리 [/home/tomcat9/webapps/ROOT]에 대한 배치가 [375] 밀리초에 완료되었습니다.
08-May-2024 21:04:29.301 정보 [main] org.apache.catalina.startup.HostConfig.deployDirectory 웹 애플리케이션 디렉토리 [/home/tomcat9/webapps/docs]을(를) 배치합니다.
08-May-2024 21:04:29.369 정보 [main] org.apache.jasper.servlet.TldScanner.scanJars 적어도 하나의 JAR가 TLD들을 찾기 위해 스캔되었으나 아무 것도 찾지 못했습니다. 스캔했으나 TLD가 없는 JAR들의 전체 목록을 보시려면, 로그 레벨을 디버그 레벨로 설정하십시오. 스캔 과정에서 불필요한 JAR들을 건너뛰면, 시스템 시작 시간과 JSP 컴파일 시간을 단축시킬 수 있습니다.
08-May-2024 21:04:29.371 정보 [main] org.apache.catalina.startup.HostConfig.deployDirectory 웹 애플리케이션 디렉토리 [/home/tomcat9/webapps/docs]에 대한 배치가 [70] 밀리초에 완료되었습니다.
08-May-2024 21:04:29.371 정보 [main] org.apache.catalina.startup.HostConfig.deployDirectory 웹 애플리케이션 디렉토리 [/home/tomcat9/webapps/examples]을(를) 배치합니다.
08-May-2024 21:04:29.554 정보 [main] org.apache.jasper.servlet.TldScanner.scanJars 적어도 하나의 JAR가 TLD들을 찾기 위해 스캔되었으나 아무 것도 찾지 못했습니다. 스캔했으나 TLD가 없는 JAR들의 전체 목록을 보시려면, 로그 레벨을 디버그 레벨로 설정하십시오. 스캔 과정에서 불필요한 JAR들을 건너뛰면, 시스템 시작 시간과 JSP 컴파일 시간을 단축시킬 수 있습니다.
08-May-2024 21:04:29.590 정보 [main] org.apache.catalina.startup.HostConfig.deployDirectory 웹 애플리케이션 디렉토리 [/home/tomcat9/webapps/examples]에 대한 배치가 [219] 밀리초에 완료되었습니다.
08-May-2024 21:04:29.590 정보 [main] org.apache.catalina.startup.HostConfig.deployDirectory 웹 애플리케이션 디렉토리 [/home/tomcat9/webapps/host-manager]을(를) 배치합니다.
08-May-2024 21:04:29.651 정보 [main] org.apache.jasper.servlet.TldScanner.scanJars 적어도 하나의 JAR가 TLD들을 찾기 위해 스캔되었으나 아무 것도 찾지 못했습니다. 스캔했으나 TLD가 없는 JAR들의 전체 목록을 보시려면, 로그 레벨을 디버그 레벨로 설정하십시오. 스캔 과정에서 불필요한 JAR들을 건너뛰면, 시스템 시작 시간과 JSP 컴파일 시간을 단축시킬 수 있습니다.
08-May-2024 21:04:29.654 정보 [main] org.apache.catalina.startup.HostConfig.deployDirectory 웹 애플리케이션 디렉토리 [/home/tomcat9/webapps/host-manager]에 대한 배치가 [64] 밀리초에 완료되었습니다.
08-May-2024 21:04:29.655 정보 [main] org.apache.catalina.startup.HostConfig.deployDirectory 웹 애플리케이션 디렉토리 [/home/tomcat9/webapps/manager]을(를) 배치합니다.
08-May-2024 21:04:29.713 정보 [main] org.apache.jasper.servlet.TldScanner.scanJars 적어도 하나의 JAR가 TLD들을 찾기 위해 스캔되었으나 아무 것도 찾지 못했습니다. 스캔했으나 TLD가 없는 JAR들의 전체 목록을 보시려면, 로그 레벨을 디버그 레벨로 설정하십시오. 스캔 과정에서 불필요한 JAR들을 건너뛰면, 시스템 시작 시간과 JSP 컴파일 시간을 단축시킬 수 있습니다.
08-May-2024 21:04:29.715 정보 [main] org.apache.catalina.startup.HostConfig.deployDirectory 웹 애플리케이션 디렉토리 [/home/tomcat9/webapps/manager]에 대한 배치가 [60] 밀리초에 완료되었습니다.
08-May-2024 21:04:29.722 정보 [main] org.apache.coyote.AbstractProtocol.start 프로토콜 핸들러 ["http-nio-8080"]을(를) 시작합니다.
08-May-2024 21:04:29.734 정보 [main] org.apache.coyote.AbstractProtocol.start 프로토콜 핸들러 ["ajp-nio-0.0.0.0-8009"]을(를) 시작합니다.
08-May-2024 21:04:29.737 정보 [main] org.apache.catalina.startup.Catalina.start 서버가 [877] 밀리초 내에 시작되었습니다.
08-May-2024 21:49:48.108 정보 [main] org.apache.catalina.core.StandardServer.await 셧다운 포트를 통해 유효한 셧다운 명령을 받았습니다. 서버 인스턴스를 중지시킵니다.
08-May-2024 21:49:48.108 정보 [main] org.apache.coyote.AbstractProtocol.pause 프로토콜 핸들러 ["http-nio-8080"]을(를) 일시 정지 중
08-May-2024 21:49:48.110 정보 [main] org.apache.coyote.AbstractProtocol.pause 프로토콜 핸들러 ["ajp-nio-0.0.0.0-8009"]을(를) 일시 정지 중
08-May-2024 21:49:48.111 정보 [main] org.apache.catalina.core.StandardService.stopInternal 서비스 [Catalina]을(를) 중지시킵니다.
08-May-2024 21:49:48.139 정보 [main] org.apache.coyote.AbstractProtocol.stop 프로토콜 핸들러 ["http-nio-8080"]을(를) 중지시킵니다.
08-May-2024 21:49:48.157 정보 [main] org.apache.coyote.AbstractProtocol.stop 프로토콜 핸들러 ["ajp-nio-0.0.0.0-8009"]을(를) 중지시킵니다.
08-May-2024 21:49:48.168 정보 [main] org.apache.coyote.AbstractProtocol.destroy 프로토콜 핸들러 ["http-nio-8080"]을(를) 소멸시킵니다.
08-May-2024 21:49:48.168 정보 [main] org.apache.coyote.AbstractProtocol.destroy 프로토콜 핸들러 ["ajp-nio-0.0.0.0-8009"]을(를) 소멸시킵니다.
08-May-2024 21:49:51.149 정보 [main] org.apache.catalina.startup.VersionLoggerListener.log 서버 버전 이름:    Apache Tomcat/9.0.87
08-May-2024 21:49:51.157 정보 [main] org.apache.catalina.startup.VersionLoggerListener.log Server 빌드 시각:  Mar 11 2024 10:12:34 UTC
08-May-2024 21:49:51.157 정보 [main] org.apache.catalina.startup.VersionLoggerListener.log Server 버전 번호:  9.0.87.0
08-May-2024 21:49:51.157 정보 [main] org.apache.catalina.startup.VersionLoggerListener.log 운영체제 이름:     Linux
08-May-2024 21:49:51.157 정보 [main] org.apache.catalina.startup.VersionLoggerListener.log 운영체제 버전:     3.10.0-1160.114.2.el7.x86_64
08-May-2024 21:49:51.157 정보 [main] org.apache.catalina.startup.VersionLoggerListener.log 아키텍처:          amd64
08-May-2024 21:49:51.157 정보 [main] org.apache.catalina.startup.VersionLoggerListener.log 자바 홈:           /usr/lib/jvm/java-11-openjdk-11.0.22.0.7-1.el7_9.x86_64
08-May-2024 21:49:51.158 정보 [main] org.apache.catalina.startup.VersionLoggerListener.log JVM 버전:          11.0.22+7-LTS
08-May-2024 21:49:51.158 정보 [main] org.apache.catalina.startup.VersionLoggerListener.log JVM 벤더:          Red Hat, Inc.
08-May-2024 21:49:51.158 정보 [main] org.apache.catalina.startup.VersionLoggerListener.log CATALINA_BASE:     /home/tomcat9
08-May-2024 21:49:51.158 정보 [main] org.apache.catalina.startup.VersionLoggerListener.log CATALINA_HOME:     /home/tomcat9
08-May-2024 21:49:51.172 정보 [main] org.apache.catalina.startup.VersionLoggerListener.log 명령 행 아규먼트:  --add-opens=java.base/java.lang=ALL-UNNAMED
08-May-2024 21:49:51.172 정보 [main] org.apache.catalina.startup.VersionLoggerListener.log 명령 행 아규먼트:  --add-opens=java.base/java.io=ALL-UNNAMED
08-May-2024 21:49:51.172 정보 [main] org.apache.catalina.startup.VersionLoggerListener.log 명령 행 아규먼트:  --add-opens=java.base/java.util=ALL-UNNAMED
08-May-2024 21:49:51.173 정보 [main] org.apache.catalina.startup.VersionLoggerListener.log 명령 행 아규먼트:  --add-opens=java.base/java.util.concurrent=ALL-UNNAMED
08-May-2024 21:49:51.173 정보 [main] org.apache.catalina.startup.VersionLoggerListener.log 명령 행 아규먼트:  --add-opens=java.rmi/sun.rmi.transport=ALL-UNNAMED
08-May-2024 21:49:51.173 정보 [main] org.apache.catalina.startup.VersionLoggerListener.log 명령 행 아규먼트:  -Djava.util.logging.config.file=/home/tomcat9/conf/logging.properties
08-May-2024 21:49:51.173 정보 [main] org.apache.catalina.startup.VersionLoggerListener.log 명령 행 아규먼트:  -Djava.util.logging.manager=org.apache.juli.ClassLoaderLogManager
08-May-2024 21:49:51.173 정보 [main] org.apache.catalina.startup.VersionLoggerListener.log 명령 행 아규먼트:  -Djdk.tls.ephemeralDHKeySize=2048
08-May-2024 21:49:51.173 정보 [main] org.apache.catalina.startup.VersionLoggerListener.log 명령 행 아규먼트:  -Djava.protocol.handler.pkgs=org.apache.catalina.webresources
08-May-2024 21:49:51.173 정보 [main] org.apache.catalina.startup.VersionLoggerListener.log 명령 행 아규먼트:  -Dorg.apache.catalina.security.SecurityListener.UMASK=0027
08-May-2024 21:49:51.174 정보 [main] org.apache.catalina.startup.VersionLoggerListener.log 명령 행 아규먼트:  -Dignore.endorsed.dirs=
08-May-2024 21:49:51.174 정보 [main] org.apache.catalina.startup.VersionLoggerListener.log 명령 행 아규먼트:  -Dcatalina.base=/home/tomcat9
08-May-2024 21:49:51.174 정보 [main] org.apache.catalina.startup.VersionLoggerListener.log 명령 행 아규먼트:  -Dcatalina.home=/home/tomcat9
08-May-2024 21:49:51.174 정보 [main] org.apache.catalina.startup.VersionLoggerListener.log 명령 행 아규먼트:  -Djava.io.tmpdir=/home/tomcat9/temp
08-May-2024 21:49:51.176 정보 [main] org.apache.catalina.core.AprLifecycleListener.lifecycleEvent 프로덕션 환경들에서 최적의 성능을 제공하는, APR 기반 Apache Tomcat Native 라이브러리가, 다음 java.library.path에서 발견되지 않습니다: [/usr/java/packages/lib:/usr/lib64:/lib64:/lib:/usr/lib]
08-May-2024 21:49:51.501 정보 [main] org.apache.coyote.AbstractProtocol.init 프로토콜 핸들러 ["http-nio-8080"]을(를) 초기화합니다.
08-May-2024 21:49:51.521 정보 [main] org.apache.coyote.AbstractProtocol.init 프로토콜 핸들러 ["ajp-nio-0.0.0.0-8009"]을(를) 초기화합니다.
08-May-2024 21:49:51.523 정보 [main] org.apache.catalina.startup.Catalina.load [572] 밀리초 내에 서버가 초기화되었습니다.
08-May-2024 21:49:51.574 정보 [main] org.apache.catalina.core.StandardService.startInternal 서비스 [Catalina]을(를) 시작합니다.
08-May-2024 21:49:51.574 정보 [main] org.apache.catalina.core.StandardEngine.startInternal 서버 엔진을 시작합니다: [Apache Tomcat/9.0.87]
08-May-2024 21:49:51.580 정보 [main] org.apache.catalina.startup.HostConfig.deployDirectory 웹 애플리케이션 디렉토리 [/home/tomcat9/webapps/ROOT]을(를) 배치합니다.
08-May-2024 21:49:51.867 정보 [main] org.apache.jasper.servlet.TldScanner.scanJars 적어도 하나의 JAR가 TLD들을 찾기 위해 스캔되었으나 아무 것도 찾지 못했습니다. 스캔했으나 TLD가 없는 JAR들의 전체 목록을 보시려면, 로그 레벨을 디버그 레벨로 설정하십시오. 스캔 과정에서 불필요한 JAR들을 건너뛰면, 시스템 시작 시간과 JSP 컴파일 시간을 단축시킬 수 있습니다.
08-May-2024 21:49:51.927 정보 [main] org.apache.catalina.startup.HostConfig.deployDirectory 웹 애플리케이션 디렉토리 [/home/tomcat9/webapps/ROOT]에 대한 배치가 [346] 밀리초에 완료되었습니다.
08-May-2024 21:49:51.927 정보 [main] org.apache.catalina.startup.HostConfig.deployDirectory 웹 애플리케이션 디렉토리 [/home/tomcat9/webapps/docs]을(를) 배치합니다.
08-May-2024 21:49:52.000 정보 [main] org.apache.jasper.servlet.TldScanner.scanJars 적어도 하나의 JAR가 TLD들을 찾기 위해 스캔되었으나 아무 것도 찾지 못했습니다. 스캔했으나 TLD가 없는 JAR들의 전체 목록을 보시려면, 로그 레벨을 디버그 레벨로 설정하십시오. 스캔 과정에서 불필요한 JAR들을 건너뛰면, 시스템 시작 시간과 JSP 컴파일 시간을 단축시킬 수 있습니다.
08-May-2024 21:49:52.002 정보 [main] org.apache.catalina.startup.HostConfig.deployDirectory 웹 애플리케이션 디렉토리 [/home/tomcat9/webapps/docs]에 대한 배치가 [75] 밀리초에 완료되었습니다.
08-May-2024 21:49:52.002 정보 [main] org.apache.catalina.startup.HostConfig.deployDirectory 웹 애플리케이션 디렉토리 [/home/tomcat9/webapps/examples]을(를) 배치합니다.
08-May-2024 21:49:52.184 정보 [main] org.apache.jasper.servlet.TldScanner.scanJars 적어도 하나의 JAR가 TLD들을 찾기 위해 스캔되었으나 아무 것도 찾지 못했습니다. 스캔했으나 TLD가 없는 JAR들의 전체 목록을 보시려면, 로그 레벨을 디버그 레벨로 설정하십시오. 스캔 과정에서 불필요한 JAR들을 건너뛰면, 시스템 시작 시간과 JSP 컴파일 시간을 단축시킬 수 있습니다.
08-May-2024 21:49:52.217 정보 [main] org.apache.catalina.startup.HostConfig.deployDirectory 웹 애플리케이션 디렉토리 [/home/tomcat9/webapps/examples]에 대한 배치가 [215] 밀리초에 완료되었습니다.
08-May-2024 21:49:52.217 정보 [main] org.apache.catalina.startup.HostConfig.deployDirectory 웹 애플리케이션 디렉토리 [/home/tomcat9/webapps/host-manager]을(를) 배치합니다.
08-May-2024 21:49:52.275 정보 [main] org.apache.jasper.servlet.TldScanner.scanJars 적어도 하나의 JAR가 TLD들을 찾기 위해 스캔되었으나 아무 것도 찾지 못했습니다. 스캔했으나 TLD가 없는 JAR들의 전체 목록을 보시려면, 로그 레벨을 디버그 레벨로 설정하십시오. 스캔 과정에서 불필요한 JAR들을 건너뛰면, 시스템 시작 시간과 JSP 컴파일 시간을 단축시킬 수 있습니다.
08-May-2024 21:49:52.278 정보 [main] org.apache.catalina.startup.HostConfig.deployDirectory 웹 애플리케이션 디렉토리 [/home/tomcat9/webapps/host-manager]에 대한 배치가 [61] 밀리초에 완료되었습니다.
08-May-2024 21:49:52.278 정보 [main] org.apache.catalina.startup.HostConfig.deployDirectory 웹 애플리케이션 디렉토리 [/home/tomcat9/webapps/manager]을(를) 배치합니다.
08-May-2024 21:49:52.335 정보 [main] org.apache.jasper.servlet.TldScanner.scanJars 적어도 하나의 JAR가 TLD들을 찾기 위해 스캔되었으나 아무 것도 찾지 못했습니다. 스캔했으나 TLD가 없는 JAR들의 전체 목록을 보시려면, 로그 레벨을 디버그 레벨로 설정하십시오. 스캔 과정에서 불필요한 JAR들을 건너뛰면, 시스템 시작 시간과 JSP 컴파일 시간을 단축시킬 수 있습니다.
08-May-2024 21:49:52.337 정보 [main] org.apache.catalina.startup.HostConfig.deployDirectory 웹 애플리케이션 디렉토리 [/home/tomcat9/webapps/manager]에 대한 배치가 [58] 밀리초에 완료되었습니다.
08-May-2024 21:49:52.342 정보 [main] org.apache.coyote.AbstractProtocol.start 프로토콜 핸들러 ["http-nio-8080"]을(를) 시작합니다.
08-May-2024 21:49:52.351 정보 [main] org.apache.coyote.AbstractProtocol.start 프로토콜 핸들러 ["ajp-nio-0.0.0.0-8009"]을(를) 시작합니다.
08-May-2024 21:49:52.353 정보 [main] org.apache.catalina.startup.Catalina.start 서버가 [830] 밀리초 내에 시작되었습니다.
08-May-2024 21:50:35.628 정보 [main] org.apache.catalina.core.StandardServer.await 셧다운 포트를 통해 유효한 셧다운 명령을 받았습니다. 서버 인스턴스를 중지시킵니다.
08-May-2024 21:50:35.629 정보 [main] org.apache.coyote.AbstractProtocol.pause 프로토콜 핸들러 ["http-nio-8080"]을(를) 일시 정지 중
08-May-2024 21:50:35.630 정보 [main] org.apache.coyote.AbstractProtocol.pause 프로토콜 핸들러 ["ajp-nio-0.0.0.0-8009"]을(를) 일시 정지 중
08-May-2024 21:50:35.631 정보 [main] org.apache.catalina.core.StandardService.stopInternal 서비스 [Catalina]을(를) 중지시킵니다.
08-May-2024 21:50:35.670 정보 [main] org.apache.coyote.AbstractProtocol.stop 프로토콜 핸들러 ["http-nio-8080"]을(를) 중지시킵니다.
08-May-2024 21:50:35.673 정보 [main] org.apache.coyote.AbstractProtocol.stop 프로토콜 핸들러 ["ajp-nio-0.0.0.0-8009"]을(를) 중지시킵니다.
08-May-2024 21:50:35.686 정보 [main] org.apache.coyote.AbstractProtocol.destroy 프로토콜 핸들러 ["http-nio-8080"]을(를) 소멸시킵니다.
08-May-2024 21:50:35.686 정보 [main] org.apache.coyote.AbstractProtocol.destroy 프로토콜 핸들러 ["ajp-nio-0.0.0.0-8009"]을(를) 소멸시킵니다.
08-May-2024 21:50:51.080 정보 [main] org.apache.catalina.startup.VersionLoggerListener.log 서버 버전 이름:    Apache Tomcat/9.0.87
08-May-2024 21:50:51.085 정보 [main] org.apache.catalina.startup.VersionLoggerListener.log Server 빌드 시각:  Mar 11 2024 10:12:34 UTC
08-May-2024 21:50:51.085 정보 [main] org.apache.catalina.startup.VersionLoggerListener.log Server 버전 번호:  9.0.87.0
08-May-2024 21:50:51.086 정보 [main] org.apache.catalina.startup.VersionLoggerListener.log 운영체제 이름:     Linux
08-May-2024 21:50:51.086 정보 [main] org.apache.catalina.startup.VersionLoggerListener.log 운영체제 버전:     3.10.0-1160.114.2.el7.x86_64
08-May-2024 21:50:51.086 정보 [main] org.apache.catalina.startup.VersionLoggerListener.log 아키텍처:          amd64
08-May-2024 21:50:51.086 정보 [main] org.apache.catalina.startup.VersionLoggerListener.log 자바 홈:           /usr/lib/jvm/java-11-openjdk-11.0.22.0.7-1.el7_9.x86_64
08-May-2024 21:50:51.086 정보 [main] org.apache.catalina.startup.VersionLoggerListener.log JVM 버전:          11.0.22+7-LTS
08-May-2024 21:50:51.087 정보 [main] org.apache.catalina.startup.VersionLoggerListener.log JVM 벤더:          Red Hat, Inc.
08-May-2024 21:50:51.087 정보 [main] org.apache.catalina.startup.VersionLoggerListener.log CATALINA_BASE:     /home/tomcat9
08-May-2024 21:50:51.087 정보 [main] org.apache.catalina.startup.VersionLoggerListener.log CATALINA_HOME:     /home/tomcat9
08-May-2024 21:50:51.099 정보 [main] org.apache.catalina.startup.VersionLoggerListener.log 명령 행 아규먼트:  --add-opens=java.base/java.lang=ALL-UNNAMED
08-May-2024 21:50:51.099 정보 [main] org.apache.catalina.startup.VersionLoggerListener.log 명령 행 아규먼트:  --add-opens=java.base/java.io=ALL-UNNAMED
08-May-2024 21:50:51.099 정보 [main] org.apache.catalina.startup.VersionLoggerListener.log 명령 행 아규먼트:  --add-opens=java.base/java.util=ALL-UNNAMED
08-May-2024 21:50:51.100 정보 [main] org.apache.catalina.startup.VersionLoggerListener.log 명령 행 아규먼트:  --add-opens=java.base/java.util.concurrent=ALL-UNNAMED
08-May-2024 21:50:51.100 정보 [main] org.apache.catalina.startup.VersionLoggerListener.log 명령 행 아규먼트:  --add-opens=java.rmi/sun.rmi.transport=ALL-UNNAMED
08-May-2024 21:50:51.100 정보 [main] org.apache.catalina.startup.VersionLoggerListener.log 명령 행 아규먼트:  -Djava.util.logging.config.file=/home/tomcat9/conf/logging.properties
08-May-2024 21:50:51.100 정보 [main] org.apache.catalina.startup.VersionLoggerListener.log 명령 행 아규먼트:  -Djava.util.logging.manager=org.apache.juli.ClassLoaderLogManager
08-May-2024 21:50:51.100 정보 [main] org.apache.catalina.startup.VersionLoggerListener.log 명령 행 아규먼트:  -Djdk.tls.ephemeralDHKeySize=2048
08-May-2024 21:50:51.101 정보 [main] org.apache.catalina.startup.VersionLoggerListener.log 명령 행 아규먼트:  -Djava.protocol.handler.pkgs=org.apache.catalina.webresources
08-May-2024 21:50:51.101 정보 [main] org.apache.catalina.startup.VersionLoggerListener.log 명령 행 아규먼트:  -Dorg.apache.catalina.security.SecurityListener.UMASK=0027
08-May-2024 21:50:51.101 정보 [main] org.apache.catalina.startup.VersionLoggerListener.log 명령 행 아규먼트:  -Dignore.endorsed.dirs=
08-May-2024 21:50:51.101 정보 [main] org.apache.catalina.startup.VersionLoggerListener.log 명령 행 아규먼트:  -Dcatalina.base=/home/tomcat9
08-May-2024 21:50:51.101 정보 [main] org.apache.catalina.startup.VersionLoggerListener.log 명령 행 아규먼트:  -Dcatalina.home=/home/tomcat9
08-May-2024 21:50:51.101 정보 [main] org.apache.catalina.startup.VersionLoggerListener.log 명령 행 아규먼트:  -Djava.io.tmpdir=/home/tomcat9/temp
08-May-2024 21:50:51.104 정보 [main] org.apache.catalina.core.AprLifecycleListener.lifecycleEvent 프로덕션 환경들에서 최적의 성능을 제공하는, APR 기반 Apache Tomcat Native 라이브러리가, 다음 java.library.path에서 발견되지 않습니다: [/usr/java/packages/lib:/usr/lib64:/lib64:/lib:/usr/lib]
08-May-2024 21:50:51.404 정보 [main] org.apache.coyote.AbstractProtocol.init 프로토콜 핸들러 ["http-nio-8080"]을(를) 초기화합니다.
08-May-2024 21:50:51.424 정보 [main] org.apache.coyote.AbstractProtocol.init 프로토콜 핸들러 ["ajp-nio-0.0.0.0-8009"]을(를) 초기화합니다.
08-May-2024 21:50:51.425 정보 [main] org.apache.catalina.startup.Catalina.load [545] 밀리초 내에 서버가 초기화되었습니다.
08-May-2024 21:50:51.490 정보 [main] org.apache.catalina.core.StandardService.startInternal 서비스 [Catalina]을(를) 시작합니다.
08-May-2024 21:50:51.491 정보 [main] org.apache.catalina.core.StandardEngine.startInternal 서버 엔진을 시작합니다: [Apache Tomcat/9.0.87]
08-May-2024 21:50:51.499 정보 [main] org.apache.catalina.startup.HostConfig.deployDirectory 웹 애플리케이션 디렉토리 [/home/tomcat9/webapps/ROOT]을(를) 배치합니다.
08-May-2024 21:50:51.815 정보 [main] org.apache.jasper.servlet.TldScanner.scanJars 적어도 하나의 JAR가 TLD들을 찾기 위해 스캔되었으나 아무 것도 찾지 못했습니다. 스캔했으나 TLD가 없는 JAR들의 전체 목록을 보시려면, 로그 레벨을 디버그 레벨로 설정하십시오. 스캔 과정에서 불필요한 JAR들을 건너뛰면, 시스템 시작 시간과 JSP 컴파일 시간을 단축시킬 수 있습니다.
08-May-2024 21:50:51.883 정보 [main] org.apache.catalina.startup.HostConfig.deployDirectory 웹 애플리케이션 디렉토리 [/home/tomcat9/webapps/ROOT]에 대한 배치가 [383] 밀리초에 완료되었습니다.
08-May-2024 21:50:51.884 정보 [main] org.apache.catalina.startup.HostConfig.deployDirectory 웹 애플리케이션 디렉토리 [/home/tomcat9/webapps/docs]을(를) 배치합니다.
08-May-2024 21:50:51.954 정보 [main] org.apache.jasper.servlet.TldScanner.scanJars 적어도 하나의 JAR가 TLD들을 찾기 위해 스캔되었으나 아무 것도 찾지 못했습니다. 스캔했으나 TLD가 없는 JAR들의 전체 목록을 보시려면, 로그 레벨을 디버그 레벨로 설정하십시오. 스캔 과정에서 불필요한 JAR들을 건너뛰면, 시스템 시작 시간과 JSP 컴파일 시간을 단축시킬 수 있습니다.
08-May-2024 21:50:51.956 정보 [main] org.apache.catalina.startup.HostConfig.deployDirectory 웹 애플리케이션 디렉토리 [/home/tomcat9/webapps/docs]에 대한 배치가 [72] 밀리초에 완료되었습니다.
08-May-2024 21:50:51.956 정보 [main] org.apache.catalina.startup.HostConfig.deployDirectory 웹 애플리케이션 디렉토리 [/home/tomcat9/webapps/examples]을(를) 배치합니다.
08-May-2024 21:50:52.166 정보 [main] org.apache.jasper.servlet.TldScanner.scanJars 적어도 하나의 JAR가 TLD들을 찾기 위해 스캔되었으나 아무 것도 찾지 못했습니다. 스캔했으나 TLD가 없는 JAR들의 전체 목록을 보시려면, 로그 레벨을 디버그 레벨로 설정하십시오. 스캔 과정에서 불필요한 JAR들을 건너뛰면, 시스템 시작 시간과 JSP 컴파일 시간을 단축시킬 수 있습니다.
08-May-2024 21:50:52.213 정보 [main] org.apache.catalina.startup.HostConfig.deployDirectory 웹 애플리케이션 디렉토리 [/home/tomcat9/webapps/examples]에 대한 배치가 [257] 밀리초에 완료되었습니다.
08-May-2024 21:50:52.213 정보 [main] org.apache.catalina.startup.HostConfig.deployDirectory 웹 애플리케이션 디렉토리 [/home/tomcat9/webapps/host-manager]을(를) 배치합니다.
08-May-2024 21:50:52.295 정보 [main] org.apache.jasper.servlet.TldScanner.scanJars 적어도 하나의 JAR가 TLD들을 찾기 위해 스캔되었으나 아무 것도 찾지 못했습니다. 스캔했으나 TLD가 없는 JAR들의 전체 목록을 보시려면, 로그 레벨을 디버그 레벨로 설정하십시오. 스캔 과정에서 불필요한 JAR들을 건너뛰면, 시스템 시작 시간과 JSP 컴파일 시간을 단축시킬 수 있습니다.
08-May-2024 21:50:52.299 정보 [main] org.apache.catalina.startup.HostConfig.deployDirectory 웹 애플리케이션 디렉토리 [/home/tomcat9/webapps/host-manager]에 대한 배치가 [86] 밀리초에 완료되었습니다.
08-May-2024 21:50:52.300 정보 [main] org.apache.catalina.startup.HostConfig.deployDirectory 웹 애플리케이션 디렉토리 [/home/tomcat9/webapps/manager]을(를) 배치합니다.
08-May-2024 21:50:52.376 정보 [main] org.apache.jasper.servlet.TldScanner.scanJars 적어도 하나의 JAR가 TLD들을 찾기 위해 스캔되었으나 아무 것도 찾지 못했습니다. 스캔했으나 TLD가 없는 JAR들의 전체 목록을 보시려면, 로그 레벨을 디버그 레벨로 설정하십시오. 스캔 과정에서 불필요한 JAR들을 건너뛰면, 시스템 시작 시간과 JSP 컴파일 시간을 단축시킬 수 있습니다.
08-May-2024 21:50:52.379 정보 [main] org.apache.catalina.startup.HostConfig.deployDirectory 웹 애플리케이션 디렉토리 [/home/tomcat9/webapps/manager]에 대한 배치가 [79] 밀리초에 완료되었습니다.
08-May-2024 21:50:52.384 정보 [main] org.apache.coyote.AbstractProtocol.start 프로토콜 핸들러 ["http-nio-8080"]을(를) 시작합니다.
08-May-2024 21:50:52.392 정보 [main] org.apache.coyote.AbstractProtocol.start 프로토콜 핸들러 ["ajp-nio-0.0.0.0-8009"]을(를) 시작합니다.
08-May-2024 21:50:52.393 정보 [main] org.apache.catalina.startup.Catalina.start 서버가 [967] 밀리초 내에 시작되었습니다.
08-May-2024 21:52:03.793 정보 [main] org.apache.catalina.core.StandardServer.await 셧다운 포트를 통해 유효한 셧다운 명령을 받았습니다. 서버 인스턴스를 중지시킵니다.
08-May-2024 21:52:03.794 정보 [main] org.apache.coyote.AbstractProtocol.pause 프로토콜 핸들러 ["http-nio-8080"]을(를) 일시 정지 중
08-May-2024 21:52:03.795 정보 [main] org.apache.coyote.AbstractProtocol.pause 프로토콜 핸들러 ["ajp-nio-0.0.0.0-8009"]을(를) 일시 정지 중
08-May-2024 21:52:03.796 정보 [main] org.apache.catalina.core.StandardService.stopInternal 서비스 [Catalina]을(를) 중지시킵니다.
08-May-2024 21:52:03.833 정보 [main] org.apache.coyote.AbstractProtocol.stop 프로토콜 핸들러 ["http-nio-8080"]을(를) 중지시킵니다.
08-May-2024 21:52:03.839 정보 [main] org.apache.coyote.AbstractProtocol.stop 프로토콜 핸들러 ["ajp-nio-0.0.0.0-8009"]을(를) 중지시킵니다.
08-May-2024 21:52:03.851 정보 [main] org.apache.coyote.AbstractProtocol.destroy 프로토콜 핸들러 ["http-nio-8080"]을(를) 소멸시킵니다.
08-May-2024 21:52:03.852 정보 [main] org.apache.coyote.AbstractProtocol.destroy 프로토콜 핸들러 ["ajp-nio-0.0.0.0-8009"]을(를) 소멸시킵니다.
