18-Jun-2024 08:50:09.126 정보 [main] org.apache.catalina.core.StandardServer.await 셧다운 포트를 통해 유효한 셧다운 명령을 받았습니다. 서버 인스턴스를 중지시킵니다.
18-Jun-2024 08:50:09.126 정보 [main] org.apache.coyote.AbstractProtocol.pause 프로토콜 핸들러 ["http-nio-8080"]을(를) 일시 정지 중
18-Jun-2024 08:50:09.127 정보 [main] org.apache.coyote.AbstractProtocol.pause 프로토콜 핸들러 ["ajp-nio-0.0.0.0-8009"]을(를) 일시 정지 중
18-Jun-2024 08:50:09.128 정보 [main] org.apache.catalina.core.StandardService.stopInternal 서비스 [Catalina]을(를) 중지시킵니다.
18-Jun-2024 08:50:09.140 정보 [main] org.apache.coyote.AbstractProtocol.stop 프로토콜 핸들러 ["http-nio-8080"]을(를) 중지시킵니다.
18-Jun-2024 08:50:09.149 정보 [main] org.apache.coyote.AbstractProtocol.stop 프로토콜 핸들러 ["ajp-nio-0.0.0.0-8009"]을(를) 중지시킵니다.
18-Jun-2024 08:50:09.161 정보 [main] org.apache.coyote.AbstractProtocol.destroy 프로토콜 핸들러 ["http-nio-8080"]을(를) 소멸시킵니다.
18-Jun-2024 08:50:09.161 정보 [main] org.apache.coyote.AbstractProtocol.destroy 프로토콜 핸들러 ["ajp-nio-0.0.0.0-8009"]을(를) 소멸시킵니다.
18-Jun-2024 08:50:23.294 정보 [main] org.apache.catalina.startup.VersionLoggerListener.log 서버 버전 이름:    Apache Tomcat/9.0.87
18-Jun-2024 08:50:23.299 정보 [main] org.apache.catalina.startup.VersionLoggerListener.log Server 빌드 시각:  Mar 11 2024 10:12:34 UTC
18-Jun-2024 08:50:23.299 정보 [main] org.apache.catalina.startup.VersionLoggerListener.log Server 버전 번호:  9.0.87.0
18-Jun-2024 08:50:23.299 정보 [main] org.apache.catalina.startup.VersionLoggerListener.log 운영체제 이름:     Linux
18-Jun-2024 08:50:23.299 정보 [main] org.apache.catalina.startup.VersionLoggerListener.log 운영체제 버전:     3.10.0-1160.114.2.el7.x86_64
18-Jun-2024 08:50:23.300 정보 [main] org.apache.catalina.startup.VersionLoggerListener.log 아키텍처:          amd64
18-Jun-2024 08:50:23.300 정보 [main] org.apache.catalina.startup.VersionLoggerListener.log 자바 홈:           /usr/lib/jvm/java-11-openjdk-11.0.23.0.9-2.el7_9.x86_64
18-Jun-2024 08:50:23.300 정보 [main] org.apache.catalina.startup.VersionLoggerListener.log JVM 버전:          11.0.23+9-LTS
18-Jun-2024 08:50:23.300 정보 [main] org.apache.catalina.startup.VersionLoggerListener.log JVM 벤더:          Red Hat, Inc.
18-Jun-2024 08:50:23.300 정보 [main] org.apache.catalina.startup.VersionLoggerListener.log CATALINA_BASE:     /home/tomcat9
18-Jun-2024 08:50:23.301 정보 [main] org.apache.catalina.startup.VersionLoggerListener.log CATALINA_HOME:     /home/tomcat9
18-Jun-2024 08:50:23.311 정보 [main] org.apache.catalina.startup.VersionLoggerListener.log 명령 행 아규먼트:  --add-opens=java.base/java.lang=ALL-UNNAMED
18-Jun-2024 08:50:23.311 정보 [main] org.apache.catalina.startup.VersionLoggerListener.log 명령 행 아규먼트:  --add-opens=java.base/java.io=ALL-UNNAMED
18-Jun-2024 08:50:23.311 정보 [main] org.apache.catalina.startup.VersionLoggerListener.log 명령 행 아규먼트:  --add-opens=java.base/java.util=ALL-UNNAMED
18-Jun-2024 08:50:23.311 정보 [main] org.apache.catalina.startup.VersionLoggerListener.log 명령 행 아규먼트:  --add-opens=java.base/java.util.concurrent=ALL-UNNAMED
18-Jun-2024 08:50:23.312 정보 [main] org.apache.catalina.startup.VersionLoggerListener.log 명령 행 아규먼트:  --add-opens=java.rmi/sun.rmi.transport=ALL-UNNAMED
18-Jun-2024 08:50:23.312 정보 [main] org.apache.catalina.startup.VersionLoggerListener.log 명령 행 아규먼트:  -Djava.util.logging.config.file=/home/tomcat9/conf/logging.properties
18-Jun-2024 08:50:23.312 정보 [main] org.apache.catalina.startup.VersionLoggerListener.log 명령 행 아규먼트:  -Djava.util.logging.manager=org.apache.juli.ClassLoaderLogManager
18-Jun-2024 08:50:23.312 정보 [main] org.apache.catalina.startup.VersionLoggerListener.log 명령 행 아규먼트:  -Djdk.tls.ephemeralDHKeySize=2048
18-Jun-2024 08:50:23.312 정보 [main] org.apache.catalina.startup.VersionLoggerListener.log 명령 행 아규먼트:  -Djava.protocol.handler.pkgs=org.apache.catalina.webresources
18-Jun-2024 08:50:23.313 정보 [main] org.apache.catalina.startup.VersionLoggerListener.log 명령 행 아규먼트:  -Dorg.apache.catalina.security.SecurityListener.UMASK=0027
18-Jun-2024 08:50:23.313 정보 [main] org.apache.catalina.startup.VersionLoggerListener.log 명령 행 아규먼트:  -Dignore.endorsed.dirs=
18-Jun-2024 08:50:23.313 정보 [main] org.apache.catalina.startup.VersionLoggerListener.log 명령 행 아규먼트:  -Dcatalina.base=/home/tomcat9
18-Jun-2024 08:50:23.313 정보 [main] org.apache.catalina.startup.VersionLoggerListener.log 명령 행 아규먼트:  -Dcatalina.home=/home/tomcat9
18-Jun-2024 08:50:23.313 정보 [main] org.apache.catalina.startup.VersionLoggerListener.log 명령 행 아규먼트:  -Djava.io.tmpdir=/home/tomcat9/temp
18-Jun-2024 08:50:23.315 정보 [main] org.apache.catalina.core.AprLifecycleListener.lifecycleEvent 프로덕션 환경들에서 최적의 성능을 제공하는, APR 기반 Apache Tomcat Native 라이브러리가, 다음 java.library.path에서 발견되지 않습니다: [/usr/java/packages/lib:/usr/lib64:/lib64:/lib:/usr/lib]
18-Jun-2024 08:50:23.591 정보 [main] org.apache.coyote.AbstractProtocol.init 프로토콜 핸들러 ["http-nio-8080"]을(를) 초기화합니다.
18-Jun-2024 08:50:23.619 정보 [main] org.apache.coyote.AbstractProtocol.init 프로토콜 핸들러 ["ajp-nio-0.0.0.0-8009"]을(를) 초기화합니다.
18-Jun-2024 08:50:23.620 정보 [main] org.apache.catalina.startup.Catalina.load [513] 밀리초 내에 서버가 초기화되었습니다.
18-Jun-2024 08:50:23.669 정보 [main] org.apache.catalina.core.StandardService.startInternal 서비스 [Catalina]을(를) 시작합니다.
18-Jun-2024 08:50:23.669 정보 [main] org.apache.catalina.core.StandardEngine.startInternal 서버 엔진을 시작합니다: [Apache Tomcat/9.0.87]
18-Jun-2024 08:50:23.675 정보 [main] org.apache.catalina.startup.HostConfig.deployDirectory 웹 애플리케이션 디렉토리 [/home/tomcat9/webapps/ROOT]을(를) 배치합니다.
18-Jun-2024 08:50:24.028 정보 [main] org.apache.jasper.servlet.TldScanner.scanJars 적어도 하나의 JAR가 TLD들을 찾기 위해 스캔되었으나 아무 것도 찾지 못했습니다. 스캔했으나 TLD가 없는 JAR들의 전체 목록을 보시려면, 로그 레벨을 디버그 레벨로 설정하십시오. 스캔 과정에서 불필요한 JAR들을 건너뛰면, 시스템 시작 시간과 JSP 컴파일 시간을 단축시킬 수 있습니다.
18-Jun-2024 08:50:24.069 정보 [main] org.apache.catalina.startup.HostConfig.deployDirectory 웹 애플리케이션 디렉토리 [/home/tomcat9/webapps/ROOT]에 대한 배치가 [392] 밀리초에 완료되었습니다.
18-Jun-2024 08:50:24.069 정보 [main] org.apache.catalina.startup.HostConfig.deployDirectory 웹 애플리케이션 디렉토리 [/home/tomcat9/webapps/docs]을(를) 배치합니다.
18-Jun-2024 08:50:24.149 정보 [main] org.apache.jasper.servlet.TldScanner.scanJars 적어도 하나의 JAR가 TLD들을 찾기 위해 스캔되었으나 아무 것도 찾지 못했습니다. 스캔했으나 TLD가 없는 JAR들의 전체 목록을 보시려면, 로그 레벨을 디버그 레벨로 설정하십시오. 스캔 과정에서 불필요한 JAR들을 건너뛰면, 시스템 시작 시간과 JSP 컴파일 시간을 단축시킬 수 있습니다.
18-Jun-2024 08:50:24.151 정보 [main] org.apache.catalina.startup.HostConfig.deployDirectory 웹 애플리케이션 디렉토리 [/home/tomcat9/webapps/docs]에 대한 배치가 [81] 밀리초에 완료되었습니다.
18-Jun-2024 08:50:24.151 정보 [main] org.apache.catalina.startup.HostConfig.deployDirectory 웹 애플리케이션 디렉토리 [/home/tomcat9/webapps/examples]을(를) 배치합니다.
18-Jun-2024 08:50:24.319 정보 [main] org.apache.jasper.servlet.TldScanner.scanJars 적어도 하나의 JAR가 TLD들을 찾기 위해 스캔되었으나 아무 것도 찾지 못했습니다. 스캔했으나 TLD가 없는 JAR들의 전체 목록을 보시려면, 로그 레벨을 디버그 레벨로 설정하십시오. 스캔 과정에서 불필요한 JAR들을 건너뛰면, 시스템 시작 시간과 JSP 컴파일 시간을 단축시킬 수 있습니다.
18-Jun-2024 08:50:24.351 정보 [main] org.apache.catalina.startup.HostConfig.deployDirectory 웹 애플리케이션 디렉토리 [/home/tomcat9/webapps/examples]에 대한 배치가 [200] 밀리초에 완료되었습니다.
18-Jun-2024 08:50:24.352 정보 [main] org.apache.catalina.startup.HostConfig.deployDirectory 웹 애플리케이션 디렉토리 [/home/tomcat9/webapps/host-manager]을(를) 배치합니다.
18-Jun-2024 08:50:24.412 정보 [main] org.apache.jasper.servlet.TldScanner.scanJars 적어도 하나의 JAR가 TLD들을 찾기 위해 스캔되었으나 아무 것도 찾지 못했습니다. 스캔했으나 TLD가 없는 JAR들의 전체 목록을 보시려면, 로그 레벨을 디버그 레벨로 설정하십시오. 스캔 과정에서 불필요한 JAR들을 건너뛰면, 시스템 시작 시간과 JSP 컴파일 시간을 단축시킬 수 있습니다.
18-Jun-2024 08:50:24.416 정보 [main] org.apache.catalina.startup.HostConfig.deployDirectory 웹 애플리케이션 디렉토리 [/home/tomcat9/webapps/host-manager]에 대한 배치가 [64] 밀리초에 완료되었습니다.
18-Jun-2024 08:50:24.416 정보 [main] org.apache.catalina.startup.HostConfig.deployDirectory 웹 애플리케이션 디렉토리 [/home/tomcat9/webapps/manager]을(를) 배치합니다.
18-Jun-2024 08:50:24.477 정보 [main] org.apache.jasper.servlet.TldScanner.scanJars 적어도 하나의 JAR가 TLD들을 찾기 위해 스캔되었으나 아무 것도 찾지 못했습니다. 스캔했으나 TLD가 없는 JAR들의 전체 목록을 보시려면, 로그 레벨을 디버그 레벨로 설정하십시오. 스캔 과정에서 불필요한 JAR들을 건너뛰면, 시스템 시작 시간과 JSP 컴파일 시간을 단축시킬 수 있습니다.
18-Jun-2024 08:50:24.478 정보 [main] org.apache.catalina.startup.HostConfig.deployDirectory 웹 애플리케이션 디렉토리 [/home/tomcat9/webapps/manager]에 대한 배치가 [62] 밀리초에 완료되었습니다.
18-Jun-2024 08:50:24.482 정보 [main] org.apache.coyote.AbstractProtocol.start 프로토콜 핸들러 ["http-nio-8080"]을(를) 시작합니다.
18-Jun-2024 08:50:24.495 정보 [main] org.apache.coyote.AbstractProtocol.start 프로토콜 핸들러 ["ajp-nio-0.0.0.0-8009"]을(를) 시작합니다.
18-Jun-2024 08:50:24.497 정보 [main] org.apache.catalina.startup.Catalina.start 서버가 [877] 밀리초 내에 시작되었습니다.
18-Jun-2024 09:43:09.987 정보 [main] org.apache.catalina.core.StandardServer.await 셧다운 포트를 통해 유효한 셧다운 명령을 받았습니다. 서버 인스턴스를 중지시킵니다.
18-Jun-2024 09:43:09.988 정보 [main] org.apache.coyote.AbstractProtocol.pause 프로토콜 핸들러 ["http-nio-8080"]을(를) 일시 정지 중
18-Jun-2024 09:43:09.992 정보 [main] org.apache.coyote.AbstractProtocol.pause 프로토콜 핸들러 ["ajp-nio-0.0.0.0-8009"]을(를) 일시 정지 중
18-Jun-2024 09:43:09.993 정보 [main] org.apache.catalina.core.StandardService.stopInternal 서비스 [Catalina]을(를) 중지시킵니다.
18-Jun-2024 09:43:10.009 정보 [main] org.apache.coyote.AbstractProtocol.stop 프로토콜 핸들러 ["http-nio-8080"]을(를) 중지시킵니다.
18-Jun-2024 09:43:10.014 정보 [main] org.apache.coyote.AbstractProtocol.stop 프로토콜 핸들러 ["ajp-nio-0.0.0.0-8009"]을(를) 중지시킵니다.
18-Jun-2024 09:43:10.033 정보 [main] org.apache.coyote.AbstractProtocol.destroy 프로토콜 핸들러 ["http-nio-8080"]을(를) 소멸시킵니다.
18-Jun-2024 09:43:10.033 정보 [main] org.apache.coyote.AbstractProtocol.destroy 프로토콜 핸들러 ["ajp-nio-0.0.0.0-8009"]을(를) 소멸시킵니다.
18-Jun-2024 09:43:22.607 정보 [main] org.apache.catalina.startup.VersionLoggerListener.log 서버 버전 이름:    Apache Tomcat/9.0.87
18-Jun-2024 09:43:22.611 정보 [main] org.apache.catalina.startup.VersionLoggerListener.log Server 빌드 시각:  Mar 11 2024 10:12:34 UTC
18-Jun-2024 09:43:22.612 정보 [main] org.apache.catalina.startup.VersionLoggerListener.log Server 버전 번호:  9.0.87.0
18-Jun-2024 09:43:22.612 정보 [main] org.apache.catalina.startup.VersionLoggerListener.log 운영체제 이름:     Linux
18-Jun-2024 09:43:22.612 정보 [main] org.apache.catalina.startup.VersionLoggerListener.log 운영체제 버전:     3.10.0-1160.114.2.el7.x86_64
18-Jun-2024 09:43:22.612 정보 [main] org.apache.catalina.startup.VersionLoggerListener.log 아키텍처:          amd64
18-Jun-2024 09:43:22.613 정보 [main] org.apache.catalina.startup.VersionLoggerListener.log 자바 홈:           /usr/lib/jvm/java-11-openjdk-11.0.23.0.9-2.el7_9.x86_64
18-Jun-2024 09:43:22.613 정보 [main] org.apache.catalina.startup.VersionLoggerListener.log JVM 버전:          11.0.23+9-LTS
18-Jun-2024 09:43:22.613 정보 [main] org.apache.catalina.startup.VersionLoggerListener.log JVM 벤더:          Red Hat, Inc.
18-Jun-2024 09:43:22.613 정보 [main] org.apache.catalina.startup.VersionLoggerListener.log CATALINA_BASE:     /home/tomcat9
18-Jun-2024 09:43:22.614 정보 [main] org.apache.catalina.startup.VersionLoggerListener.log CATALINA_HOME:     /home/tomcat9
18-Jun-2024 09:43:22.624 정보 [main] org.apache.catalina.startup.VersionLoggerListener.log 명령 행 아규먼트:  --add-opens=java.base/java.lang=ALL-UNNAMED
18-Jun-2024 09:43:22.624 정보 [main] org.apache.catalina.startup.VersionLoggerListener.log 명령 행 아규먼트:  --add-opens=java.base/java.io=ALL-UNNAMED
18-Jun-2024 09:43:22.625 정보 [main] org.apache.catalina.startup.VersionLoggerListener.log 명령 행 아규먼트:  --add-opens=java.base/java.util=ALL-UNNAMED
18-Jun-2024 09:43:22.625 정보 [main] org.apache.catalina.startup.VersionLoggerListener.log 명령 행 아규먼트:  --add-opens=java.base/java.util.concurrent=ALL-UNNAMED
18-Jun-2024 09:43:22.625 정보 [main] org.apache.catalina.startup.VersionLoggerListener.log 명령 행 아규먼트:  --add-opens=java.rmi/sun.rmi.transport=ALL-UNNAMED
18-Jun-2024 09:43:22.625 정보 [main] org.apache.catalina.startup.VersionLoggerListener.log 명령 행 아규먼트:  -Djava.util.logging.config.file=/home/tomcat9/conf/logging.properties
18-Jun-2024 09:43:22.625 정보 [main] org.apache.catalina.startup.VersionLoggerListener.log 명령 행 아규먼트:  -Djava.util.logging.manager=org.apache.juli.ClassLoaderLogManager
18-Jun-2024 09:43:22.626 정보 [main] org.apache.catalina.startup.VersionLoggerListener.log 명령 행 아규먼트:  -Djdk.tls.ephemeralDHKeySize=2048
18-Jun-2024 09:43:22.626 정보 [main] org.apache.catalina.startup.VersionLoggerListener.log 명령 행 아규먼트:  -Djava.protocol.handler.pkgs=org.apache.catalina.webresources
18-Jun-2024 09:43:22.626 정보 [main] org.apache.catalina.startup.VersionLoggerListener.log 명령 행 아규먼트:  -Dorg.apache.catalina.security.SecurityListener.UMASK=0027
18-Jun-2024 09:43:22.626 정보 [main] org.apache.catalina.startup.VersionLoggerListener.log 명령 행 아규먼트:  -Dignore.endorsed.dirs=
18-Jun-2024 09:43:22.626 정보 [main] org.apache.catalina.startup.VersionLoggerListener.log 명령 행 아규먼트:  -Dcatalina.base=/home/tomcat9
18-Jun-2024 09:43:22.626 정보 [main] org.apache.catalina.startup.VersionLoggerListener.log 명령 행 아규먼트:  -Dcatalina.home=/home/tomcat9
18-Jun-2024 09:43:22.626 정보 [main] org.apache.catalina.startup.VersionLoggerListener.log 명령 행 아규먼트:  -Djava.io.tmpdir=/home/tomcat9/temp
18-Jun-2024 09:43:22.628 정보 [main] org.apache.catalina.core.AprLifecycleListener.lifecycleEvent 프로덕션 환경들에서 최적의 성능을 제공하는, APR 기반 Apache Tomcat Native 라이브러리가, 다음 java.library.path에서 발견되지 않습니다: [/usr/java/packages/lib:/usr/lib64:/lib64:/lib:/usr/lib]
18-Jun-2024 09:43:22.905 정보 [main] org.apache.coyote.AbstractProtocol.init 프로토콜 핸들러 ["http-nio-8080"]을(를) 초기화합니다.
18-Jun-2024 09:43:22.925 정보 [main] org.apache.coyote.AbstractProtocol.init 프로토콜 핸들러 ["ajp-nio-0.0.0.0-8009"]을(를) 초기화합니다.
18-Jun-2024 09:43:22.926 정보 [main] org.apache.catalina.startup.Catalina.load [504] 밀리초 내에 서버가 초기화되었습니다.
18-Jun-2024 09:43:22.983 정보 [main] org.apache.catalina.core.StandardService.startInternal 서비스 [Catalina]을(를) 시작합니다.
18-Jun-2024 09:43:22.984 정보 [main] org.apache.catalina.core.StandardEngine.startInternal 서버 엔진을 시작합니다: [Apache Tomcat/9.0.87]
18-Jun-2024 09:43:22.990 정보 [main] org.apache.catalina.startup.HostConfig.deployDirectory 웹 애플리케이션 디렉토리 [/home/tomcat9/webapps/ROOT]을(를) 배치합니다.
18-Jun-2024 09:43:23.264 정보 [main] org.apache.jasper.servlet.TldScanner.scanJars 적어도 하나의 JAR가 TLD들을 찾기 위해 스캔되었으나 아무 것도 찾지 못했습니다. 스캔했으나 TLD가 없는 JAR들의 전체 목록을 보시려면, 로그 레벨을 디버그 레벨로 설정하십시오. 스캔 과정에서 불필요한 JAR들을 건너뛰면, 시스템 시작 시간과 JSP 컴파일 시간을 단축시킬 수 있습니다.
18-Jun-2024 09:43:23.306 정보 [main] org.apache.catalina.startup.HostConfig.deployDirectory 웹 애플리케이션 디렉토리 [/home/tomcat9/webapps/ROOT]에 대한 배치가 [314] 밀리초에 완료되었습니다.
18-Jun-2024 09:43:23.306 정보 [main] org.apache.catalina.startup.HostConfig.deployDirectory 웹 애플리케이션 디렉토리 [/home/tomcat9/webapps/docs]을(를) 배치합니다.
18-Jun-2024 09:43:23.383 정보 [main] org.apache.jasper.servlet.TldScanner.scanJars 적어도 하나의 JAR가 TLD들을 찾기 위해 스캔되었으나 아무 것도 찾지 못했습니다. 스캔했으나 TLD가 없는 JAR들의 전체 목록을 보시려면, 로그 레벨을 디버그 레벨로 설정하십시오. 스캔 과정에서 불필요한 JAR들을 건너뛰면, 시스템 시작 시간과 JSP 컴파일 시간을 단축시킬 수 있습니다.
18-Jun-2024 09:43:23.384 정보 [main] org.apache.catalina.startup.HostConfig.deployDirectory 웹 애플리케이션 디렉토리 [/home/tomcat9/webapps/docs]에 대한 배치가 [78] 밀리초에 완료되었습니다.
18-Jun-2024 09:43:23.384 정보 [main] org.apache.catalina.startup.HostConfig.deployDirectory 웹 애플리케이션 디렉토리 [/home/tomcat9/webapps/examples]을(를) 배치합니다.
18-Jun-2024 09:43:23.547 정보 [main] org.apache.jasper.servlet.TldScanner.scanJars 적어도 하나의 JAR가 TLD들을 찾기 위해 스캔되었으나 아무 것도 찾지 못했습니다. 스캔했으나 TLD가 없는 JAR들의 전체 목록을 보시려면, 로그 레벨을 디버그 레벨로 설정하십시오. 스캔 과정에서 불필요한 JAR들을 건너뛰면, 시스템 시작 시간과 JSP 컴파일 시간을 단축시킬 수 있습니다.
18-Jun-2024 09:43:23.578 정보 [main] org.apache.catalina.startup.HostConfig.deployDirectory 웹 애플리케이션 디렉토리 [/home/tomcat9/webapps/examples]에 대한 배치가 [194] 밀리초에 완료되었습니다.
18-Jun-2024 09:43:23.578 정보 [main] org.apache.catalina.startup.HostConfig.deployDirectory 웹 애플리케이션 디렉토리 [/home/tomcat9/webapps/host-manager]을(를) 배치합니다.
18-Jun-2024 09:43:23.638 정보 [main] org.apache.jasper.servlet.TldScanner.scanJars 적어도 하나의 JAR가 TLD들을 찾기 위해 스캔되었으나 아무 것도 찾지 못했습니다. 스캔했으나 TLD가 없는 JAR들의 전체 목록을 보시려면, 로그 레벨을 디버그 레벨로 설정하십시오. 스캔 과정에서 불필요한 JAR들을 건너뛰면, 시스템 시작 시간과 JSP 컴파일 시간을 단축시킬 수 있습니다.
18-Jun-2024 09:43:23.641 정보 [main] org.apache.catalina.startup.HostConfig.deployDirectory 웹 애플리케이션 디렉토리 [/home/tomcat9/webapps/host-manager]에 대한 배치가 [63] 밀리초에 완료되었습니다.
18-Jun-2024 09:43:23.641 정보 [main] org.apache.catalina.startup.HostConfig.deployDirectory 웹 애플리케이션 디렉토리 [/home/tomcat9/webapps/manager]을(를) 배치합니다.
18-Jun-2024 09:43:23.700 정보 [main] org.apache.jasper.servlet.TldScanner.scanJars 적어도 하나의 JAR가 TLD들을 찾기 위해 스캔되었으나 아무 것도 찾지 못했습니다. 스캔했으나 TLD가 없는 JAR들의 전체 목록을 보시려면, 로그 레벨을 디버그 레벨로 설정하십시오. 스캔 과정에서 불필요한 JAR들을 건너뛰면, 시스템 시작 시간과 JSP 컴파일 시간을 단축시킬 수 있습니다.
18-Jun-2024 09:43:23.702 정보 [main] org.apache.catalina.startup.HostConfig.deployDirectory 웹 애플리케이션 디렉토리 [/home/tomcat9/webapps/manager]에 대한 배치가 [61] 밀리초에 완료되었습니다.
18-Jun-2024 09:43:23.707 정보 [main] org.apache.coyote.AbstractProtocol.start 프로토콜 핸들러 ["http-nio-8080"]을(를) 시작합니다.
18-Jun-2024 09:43:23.715 정보 [main] org.apache.coyote.AbstractProtocol.start 프로토콜 핸들러 ["ajp-nio-0.0.0.0-8009"]을(를) 시작합니다.
18-Jun-2024 09:43:23.717 정보 [main] org.apache.catalina.startup.Catalina.start 서버가 [791] 밀리초 내에 시작되었습니다.
